2022-11-02 01:38:06: 2 0 
2022-11-02 01:38:06: 2 1 
2022-11-02 01:38:06: 2 2 
2022-11-02 01:38:06: 2 3 
2022-11-02 01:38:06: 2 4 
2022-11-02 01:38:06: 2 5 
2022-11-02 01:38:06: 2 6 
2022-11-02 01:38:06: 2 7 
2022-11-02 01:38:06: 2 8 
2022-11-02 01:38:06: 2 9 
2022-11-02 01:38:06: 2 10 
2022-11-02 01:38:06: 2 11 
2022-11-02 01:38:06: 2 12 
2022-11-02 01:38:06: 2 13 
2022-11-02 01:38:06: 2 14 
2022-11-02 01:38:06: 2 15 
2022-11-02 01:38:06: 2 16 
2022-11-02 01:38:06: 2 17 
2022-11-02 01:38:06: 2 18 
2022-11-02 01:38:06: 2 19 
2022-11-02 01:38:06: 2 20 
2022-11-02 01:38:06: 2 21 
2022-11-02 01:38:06: 2 22 
2022-11-02 01:38:06: 2 23 
2022-11-02 01:38:06: 2 24 
2022-11-02 01:38:06: 2 25 
2022-11-02 01:38:06: 2 26 
2022-11-02 01:38:06: 2 27 
2022-11-02 01:38:06: 2 28 
2022-11-02 01:38:06: 2 29 
2022-11-02 01:38:06: 2 30 
2022-11-02 01:38:06: 2 31 
2022-11-02 01:38:06: 2 32 
2022-11-02 01:38:06: 2 33 
2022-11-02 01:38:06: 2 34 
2022-11-02 01:38:06: 2 35 
2022-11-02 01:38:06: 2 36 
2022-11-02 01:38:06: 2 37 
2022-11-02 01:38:06: 2 38 
2022-11-02 01:38:06: 2 39 
2022-11-02 01:38:06: 2 40 
2022-11-02 01:38:06: 2 41 
2022-11-02 01:38:06: 2 42 
2022-11-02 01:38:06: 2 43 
2022-11-02 01:38:06: 2 44 
2022-11-02 01:38:06: 2 45 
2022-11-02 01:38:06: 2 46 
2022-11-02 01:38:06: 2 47 
2022-11-02 01:38:06: 2 48 
2022-11-02 01:38:06: 2 49 
2022-11-02 01:38:06: 2 50 
2022-11-02 01:38:06: 2 51 
2022-11-02 01:38:06: 2 52 
2022-11-02 01:38:06: 2 53 
2022-11-02 01:38:06: 2 54 
2022-11-02 01:38:06: 2 55 
2022-11-02 01:38:06: 2 56 
2022-11-02 01:38:06: 2 57 
2022-11-02 01:38:06: 2 58 
2022-11-02 01:38:06: 2 59 
2022-11-02 01:38:06: 2 60 
2022-11-02 01:38:06: 2 61 
2022-11-02 01:38:06: 2 62 
2022-11-02 01:38:06: 2 63 
2022-11-02 01:38:06: 2 64 
2022-11-02 01:38:06: 2 65 
2022-11-02 01:38:06: 2 66 
2022-11-02 01:38:06: 2 67 
2022-11-02 01:38:06: 2 68 
2022-11-02 01:38:06: 2 69 
2022-11-02 01:38:06: 2 70 
2022-11-02 01:38:06: 2 71 
2022-11-02 01:38:06: 2 72 
2022-11-02 01:38:06: 2 73 
2022-11-02 01:38:06: 2 74 
2022-11-02 01:38:06: 2 75 
2022-11-02 01:38:06: 2 76 
2022-11-02 01:38:06: 2 77 
2022-11-02 01:38:06: 2 78 
2022-11-02 01:38:06: 2 79 
2022-11-02 01:38:06: 2 80 
2022-11-02 01:38:06: 2 81 
2022-11-02 01:38:06: 2 82 
2022-11-02 01:38:06: 2 83 
2022-11-02 01:38:06: 2 84 
2022-11-02 01:38:06: 2 85 
2022-11-02 01:38:06: 2 86 
2022-11-02 01:38:06: 2 87 
2022-11-02 01:38:06: 2 88 
2022-11-02 01:38:06: 2 89 
2022-11-02 01:38:06: 2 90 
2022-11-02 01:38:06: 2 91 
2022-11-02 01:38:06: 2 92 
2022-11-02 01:38:06: 2 93 
2022-11-02 01:38:06: 2 94 
2022-11-02 01:38:06: 2 95 
2022-11-02 01:38:06: 2 96 
2022-11-02 01:38:06: 2 97 
2022-11-02 01:38:06: 2 98 
2022-11-02 01:38:06: 2 99 
2022-11-02 01:38:06: 2 100 
2022-11-02 01:38:06: 2 101 
2022-11-02 01:38:06: 2 102 
2022-11-02 01:38:06: 2 103 
2022-11-02 01:38:06: 2 104 
2022-11-02 01:38:06: 2 105 
2022-11-02 01:38:06: 2 106 
2022-11-02 01:38:06: 2 107 
2022-11-02 01:38:06: 2 108 
2022-11-02 01:38:06: 2 109 
2022-11-02 01:38:06: 2 110 
2022-11-02 01:38:06: 2 111 
2022-11-02 01:38:06: 2 112 
2022-11-02 01:38:06: 2 113 
2022-11-02 01:38:06: 2 114 
2022-11-02 01:38:06: 2 115 
2022-11-02 01:38:06: 2 116 
2022-11-02 01:38:06: 2 117 
2022-11-02 01:38:06: 2 118 
2022-11-02 01:38:06: 2 119 
2022-11-02 01:38:06: 2 120 
2022-11-02 01:38:06: 2 121 
2022-11-02 01:38:06: 2 122 
2022-11-02 01:38:06: 2 123 
2022-11-02 01:38:06: 2 124 
2022-11-02 01:38:06: 2 125 
2022-11-02 01:38:06: 2 126 
2022-11-02 01:38:06: 2 127 
2022-11-02 01:38:06: 2 128 
2022-11-02 01:38:06: 2 129 
2022-11-02 01:38:06: 2 130 
2022-11-02 01:38:06: 2 131 
2022-11-02 01:38:06: 2 132 
2022-11-02 01:38:06: 2 133 
2022-11-02 01:38:06: 2 134 
2022-11-02 01:38:06: 2 135 
2022-11-02 01:38:06: 2 136 
2022-11-02 01:38:06: 2 137 
2022-11-02 01:38:06: 2 138 
2022-11-02 01:38:06: 2 139 
2022-11-02 01:38:06: 2 140 
2022-11-02 01:38:06: 2 141 
2022-11-02 01:38:06: 2 142 
2022-11-02 01:38:06: 2 143 
2022-11-02 01:38:06: 2 144 
2022-11-02 01:38:06: 2 145 
2022-11-02 01:38:06: 2 146 
2022-11-02 01:38:06: 2 147 
2022-11-02 01:38:06: 2 148 
2022-11-02 01:38:06: 2 149 
2022-11-02 01:38:06: 2 150 
2022-11-02 01:38:06: 2 151 
2022-11-02 01:38:06: 2 152 
2022-11-02 01:38:06: 2 153 
2022-11-02 01:38:06: 2 154 
2022-11-02 01:38:06: 2 155 
2022-11-02 01:38:06: 2 156 
2022-11-02 01:38:06: 2 157 
2022-11-02 01:38:06: 2 158 
2022-11-02 01:38:06: 2 159 
2022-11-02 01:38:06: 2 160 
2022-11-02 01:38:06: 2 161 
2022-11-02 01:38:06: 2 162 
2022-11-02 01:38:06: 2 163 
2022-11-02 01:38:06: 2 164 
2022-11-02 01:38:06: 2 165 
2022-11-02 01:38:06: 2 166 
2022-11-02 01:38:06: 2 167 
2022-11-02 01:38:06: 2 168 
2022-11-02 01:38:06: 2 169 
2022-11-02 01:38:06: 2 170 
2022-11-02 01:38:06: 2 171 
2022-11-02 01:38:06: 2 172 
2022-11-02 01:38:06: 2 173 
2022-11-02 01:38:06: 2 174 
2022-11-02 01:38:06: 2 175 
2022-11-02 01:38:06: 2 176 
2022-11-02 01:38:06: 2 177 
2022-11-02 01:38:06: 2 178 
2022-11-02 01:38:06: 2 179 
2022-11-02 01:38:06: 2 180 
2022-11-02 01:38:06: 2 181 
2022-11-02 01:38:06: 2 182 
2022-11-02 01:38:06: 2 183 
2022-11-02 01:38:06: 2 184 
2022-11-02 01:38:06: 2 185 
2022-11-02 01:38:06: 2 186 
2022-11-02 01:38:06: 2 187 
2022-11-02 01:38:06: 2 188 
2022-11-02 01:38:06: 2 189 
2022-11-02 01:38:06: 2 190 
2022-11-02 01:38:06: 2 191 
2022-11-02 01:38:06: 2 192 
2022-11-02 01:38:06: 2 193 
2022-11-02 01:38:06: 2 194 
2022-11-02 01:38:06: 2 195 
2022-11-02 01:38:06: 2 196 
2022-11-02 01:38:06: 2 197 
2022-11-02 01:38:06: 2 198 
2022-11-02 01:38:06: 2 199 
2022-11-02 01:38:06: 2 200 
2022-11-02 01:38:06: 2 201 
2022-11-02 01:38:06: 2 202 
2022-11-02 01:38:06: 2 203 
2022-11-02 01:38:06: 2 204 
2022-11-02 01:38:06: 2 205 
2022-11-02 01:38:06: 2 206 
2022-11-02 01:38:06: 2 207 
2022-11-02 01:38:06: 2 208 
2022-11-02 01:38:06: 2 209 
2022-11-02 01:38:06: 2 210 
2022-11-02 01:38:06: 2 211 
2022-11-02 01:38:06: 2 212 
2022-11-02 01:38:06: 2 213 
2022-11-02 01:38:06: 2 214 
2022-11-02 01:38:06: 2 215 
2022-11-02 01:38:06: 2 216 
2022-11-02 01:38:06: 2 217 
2022-11-02 01:38:06: 2 218 
2022-11-02 01:38:06: 2 219 
2022-11-02 01:38:06: 2 220 
2022-11-02 01:38:06: 2 221 
2022-11-02 01:38:06: 2 222 
2022-11-02 01:38:06: 2 223 
2022-11-02 01:38:06: 2 224 
2022-11-02 01:38:06: 2 225 
2022-11-02 01:38:06: 2 226 
2022-11-02 01:38:06: 2 227 
2022-11-02 01:38:06: 2 228 
2022-11-02 01:38:06: 2 229 
2022-11-02 01:38:06: 2 230 
2022-11-02 01:38:06: 2 231 
2022-11-02 01:38:06: 2 232 
2022-11-02 01:38:06: 2 233 
2022-11-02 01:38:06: 2 234 
2022-11-02 01:38:06: 2 235 
2022-11-02 01:38:06: 2 236 
2022-11-02 01:38:06: 2 237 
2022-11-02 01:38:06: 2 238 
2022-11-02 01:38:06: 2 239 
2022-11-02 01:38:06: 2 240 
2022-11-02 01:38:06: 2 241 
2022-11-02 01:38:06: 2 242 
2022-11-02 01:38:06: 2 243 
2022-11-02 01:38:06: 2 244 
2022-11-02 01:38:06: 2 245 
2022-11-02 01:38:06: 2 246 
2022-11-02 01:38:06: 2 247 
2022-11-02 01:38:06: 2 248 
2022-11-02 01:38:06: 2 249 
2022-11-02 01:38:06: 2 250 
2022-11-02 01:38:06: 2 251 
2022-11-02 01:38:06: 2 252 
2022-11-02 01:38:06: 2 253 
2022-11-02 01:38:06: 2 254 
2022-11-02 01:38:06: 2 255 
2022-11-02 01:38:06: 2 256 
2022-11-02 01:38:06: 2 257 
2022-11-02 01:38:06: 2 258 
2022-11-02 01:38:06: 2 259 
2022-11-02 01:38:06: 2 260 
2022-11-02 01:38:06: 2 261 
2022-11-02 01:38:06: 2 262 
2022-11-02 01:38:06: 2 263 
2022-11-02 01:38:06: 2 264 
2022-11-02 01:38:06: 2 265 
2022-11-02 01:38:06: 2 266 
2022-11-02 01:38:06: 2 267 
2022-11-02 01:38:06: 2 268 
2022-11-02 01:38:06: 2 269 
2022-11-02 01:38:06: 2 270 
2022-11-02 01:38:06: 2 271 
2022-11-02 01:38:06: 2 272 
2022-11-02 01:38:06: 2 273 
2022-11-02 01:38:06: 2 274 
2022-11-02 01:38:06: 2 275 
2022-11-02 01:38:06: 2 276 
2022-11-02 01:38:06: 2 277 
2022-11-02 01:38:06: 2 278 
2022-11-02 01:38:06: 2 279 
2022-11-02 01:38:06: 2 280 
2022-11-02 01:38:06: 2 281 
2022-11-02 01:38:06: 2 282 
2022-11-02 01:38:06: 2 283 
2022-11-02 01:38:06: 2 284 
2022-11-02 01:38:06: 2 285 
2022-11-02 01:38:06: 2 286 
2022-11-02 01:38:06: 2 287 
2022-11-02 01:38:06: 2 288 
2022-11-02 01:38:06: 2 289 
2022-11-02 01:38:06: 2 290 
2022-11-02 01:38:06: 2 291 
2022-11-02 01:38:06: 2 292 
2022-11-02 01:38:06: 2 293 
2022-11-02 01:38:06: 2 294 
2022-11-02 01:38:06: 2 295 
2022-11-02 01:38:06: 2 296 
2022-11-02 01:38:06: 2 297 
2022-11-02 01:38:06: 2 298 
2022-11-02 01:38:06: 2 299 
2022-11-02 01:38:06: 2 300 
2022-11-02 01:38:06: 2 301 
2022-11-02 01:38:06: 2 302 
2022-11-02 01:38:06: 2 303 
2022-11-02 01:38:06: 2 304 
2022-11-02 01:38:06: 2 305 
2022-11-02 01:38:06: 2 306 
2022-11-02 01:38:06: 2 307 
2022-11-02 01:38:06: 2 308 
2022-11-02 01:38:06: 2 309 
2022-11-02 01:38:06: 2 310 
2022-11-02 01:38:06: 2 311 
2022-11-02 01:38:06: 2 312 
2022-11-02 01:38:06: 2 313 
2022-11-02 01:38:06: 2 314 
2022-11-02 01:38:06: 2 315 
2022-11-02 01:38:06: 2 316 
2022-11-02 01:38:06: 2 317 
2022-11-02 01:38:06: 2 318 
2022-11-02 01:38:06: 2 319 
2022-11-02 01:38:06: 2 320 
2022-11-02 01:38:06: 2 321 
2022-11-02 01:38:06: 2 322 
2022-11-02 01:38:06: 2 323 
2022-11-02 01:38:06: 2 324 
2022-11-02 01:38:06: 2 325 
2022-11-02 01:38:06: 2 326 
2022-11-02 01:38:06: 2 327 
2022-11-02 01:38:06: 2 328 
2022-11-02 01:38:06: 2 329 
2022-11-02 01:38:06: 2 330 
2022-11-02 01:38:06: 2 331 
2022-11-02 01:38:06: 2 332 
2022-11-02 01:38:06: 2 333 
2022-11-02 01:38:06: 2 334 
2022-11-02 01:38:06: 2 335 
2022-11-02 01:38:06: 2 336 
2022-11-02 01:38:06: 2 337 
2022-11-02 01:38:06: 2 338 
2022-11-02 01:38:06: 2 339 
2022-11-02 01:38:06: 2 340 
2022-11-02 01:38:06: 2 341 
2022-11-02 01:38:06: 2 342 
2022-11-02 01:38:06: 2 343 
2022-11-02 01:38:06: 2 344 
2022-11-02 01:38:06: 2 345 
2022-11-02 01:38:06: 2 346 
2022-11-02 01:38:06: 2 347 
2022-11-02 01:38:06: 2 348 
2022-11-02 01:38:06: 2 349 
2022-11-02 01:38:06: 2 350 
2022-11-02 01:38:06: 2 351 
2022-11-02 01:38:06: 2 352 
2022-11-02 01:38:06: 2 353 
2022-11-02 01:38:06: 2 354 
2022-11-02 01:38:06: 2 355 
2022-11-02 01:38:06: 2 356 
2022-11-02 01:38:06: 2 357 
2022-11-02 01:38:06: 2 358 
2022-11-02 01:38:06: 2 359 
2022-11-02 01:38:06: 2 360 
2022-11-02 01:38:06: 2 361 
2022-11-02 01:38:06: 2 362 
2022-11-02 01:38:06: 2 363 
2022-11-02 01:38:06: 2 364 
2022-11-02 01:38:06: 2 365 
2022-11-02 01:38:06: 2 366 
2022-11-02 01:38:06: 2 367 
2022-11-02 01:38:06: 2 368 
2022-11-02 01:38:06: 2 369 
2022-11-02 01:38:06: 2 370 
2022-11-02 01:38:06: 2 371 
2022-11-02 01:38:06: 2 372 
2022-11-02 01:38:06: 2 373 
2022-11-02 01:38:06: 2 374 
2022-11-02 01:38:06: 2 375 
2022-11-02 01:38:06: 2 376 
2022-11-02 01:38:06: 2 377 
2022-11-02 01:38:06: 2 378 
2022-11-02 01:38:06: 2 379 
2022-11-02 01:38:06: 2 380 
2022-11-02 01:38:06: 2 381 
2022-11-02 01:38:06: 2 382 
2022-11-02 01:38:06: 2 383 
2022-11-02 01:38:06: 2 384 
2022-11-02 01:38:06: 2 385 
2022-11-02 01:38:06: 2 386 
2022-11-02 01:38:06: 2 387 
2022-11-02 01:38:06: 2 388 
2022-11-02 01:38:06: 2 389 
2022-11-02 01:38:06: 2 390 
2022-11-02 01:38:06: 2 391 
2022-11-02 01:38:06: 2 392 
2022-11-02 01:38:06: 2 393 
2022-11-02 01:38:06: 2 394 
2022-11-02 01:38:06: 2 395 
2022-11-02 01:38:06: 2 396 
2022-11-02 01:38:06: 2 397 
2022-11-02 01:38:06: 2 398 
2022-11-02 01:38:06: 2 399 
2022-11-02 01:38:06: 2 400 
2022-11-02 01:38:06: 2 401 
2022-11-02 01:38:06: 2 402 
2022-11-02 01:38:06: 2 403 
2022-11-02 01:38:06: 2 404 
2022-11-02 01:38:06: 2 405 
2022-11-02 01:38:06: 2 406 
2022-11-02 01:38:06: 2 407 
2022-11-02 01:38:06: 2 408 
2022-11-02 01:38:06: 2 409 
2022-11-02 01:38:06: 2 410 
2022-11-02 01:38:06: 2 411 
2022-11-02 01:38:06: 2 412 
2022-11-02 01:38:06: 2 413 
2022-11-02 01:38:06: 2 414 
2022-11-02 01:38:06: 2 415 
2022-11-02 01:38:06: 2 416 
2022-11-02 01:38:06: 2 417 
2022-11-02 01:38:06: 2 418 
2022-11-02 01:38:06: 2 419 
2022-11-02 01:38:06: 2 420 
2022-11-02 01:38:06: 2 421 
2022-11-02 01:38:06: 2 422 
2022-11-02 01:38:06: 2 423 
2022-11-02 01:38:06: 2 424 
2022-11-02 01:38:06: 2 425 
2022-11-02 01:38:06: 2 426 
2022-11-02 01:38:06: 2 427 
2022-11-02 01:38:06: 2 428 
2022-11-02 01:38:06: 2 429 
2022-11-02 01:38:06: 2 430 
2022-11-02 01:38:06: 2 431 
2022-11-02 01:38:06: 2 432 
2022-11-02 01:38:06: 2 433 
2022-11-02 01:38:06: 2 434 
2022-11-02 01:38:06: 2 435 
2022-11-02 01:38:06: 2 436 
2022-11-02 01:38:06: 2 437 
2022-11-02 01:38:06: 2 438 
2022-11-02 01:38:06: 2 439 
2022-11-02 01:38:06: 2 440 
2022-11-02 01:38:06: 2 441 
2022-11-02 01:38:06: 2 442 
2022-11-02 01:38:06: 2 443 
2022-11-02 01:38:06: 2 444 
2022-11-02 01:38:06: 2 445 
2022-11-02 01:38:06: 2 446 
2022-11-02 01:38:06: 2 447 
2022-11-02 01:38:06: 2 448 
2022-11-02 01:38:06: 2 449 
2022-11-02 01:38:06: 2 450 
2022-11-02 01:38:06: 2 451 
2022-11-02 01:38:06: 2 452 
2022-11-02 01:38:06: 2 453 
2022-11-02 01:38:06: 2 454 
2022-11-02 01:38:06: 2 455 
2022-11-02 01:38:06: 2 456 
2022-11-02 01:38:06: 2 457 
2022-11-02 01:38:06: 2 458 
2022-11-02 01:38:06: 2 459 
2022-11-02 01:38:06: 2 460 
2022-11-02 01:38:06: 2 461 
2022-11-02 01:38:06: 2 462 
2022-11-02 01:38:06: 2 463 
2022-11-02 01:38:06: 2 464 
2022-11-02 01:38:06: 2 465 
2022-11-02 01:38:06: 2 466 
2022-11-02 01:38:06: 2 467 
2022-11-02 01:38:06: 2 468 
2022-11-02 01:38:06: 2 469 
2022-11-02 01:38:06: 2 470 
2022-11-02 01:38:06: 2 471 
2022-11-02 01:38:06: 2 472 
2022-11-02 01:38:06: 2 473 
2022-11-02 01:38:06: 2 474 
2022-11-02 01:38:06: 2 475 
2022-11-02 01:38:06: 2 476 
2022-11-02 01:38:06: 2 477 
2022-11-02 01:38:06: 2 478 
2022-11-02 01:38:06: 2 479 
2022-11-02 01:38:06: 2 480 
2022-11-02 01:38:06: 2 481 
2022-11-02 01:38:06: 2 482 
2022-11-02 01:38:06: 2 483 
2022-11-02 01:38:06: 2 484 
2022-11-02 01:38:06: 2 485 
2022-11-02 01:38:06: 2 486 
2022-11-02 01:38:06: 2 487 
2022-11-02 01:38:06: 2 488 
2022-11-02 01:38:06: 2 489 
2022-11-02 01:38:06: 2 490 
2022-11-02 01:38:06: 2 491 
2022-11-02 01:38:06: 2 492 
2022-11-02 01:38:06: 2 493 
2022-11-02 01:38:06: 2 494 
2022-11-02 01:38:06: 2 495 
2022-11-02 01:38:06: 2 496 
2022-11-02 01:38:06: 2 497 
2022-11-02 01:38:06: 2 498 
2022-11-02 01:38:06: 2 499 
2022-11-02 01:38:06: 2 500 
2022-11-02 01:38:06: 2 501 
2022-11-02 01:38:06: 2 502 
2022-11-02 01:38:06: 2 503 
2022-11-02 01:38:06: 2 504 
2022-11-02 01:38:06: 2 505 
2022-11-02 01:38:06: 2 506 
2022-11-02 01:38:06: 2 507 
2022-11-02 01:38:06: 2 508 
2022-11-02 01:38:06: 2 509 
2022-11-02 01:38:06: 2 510 
2022-11-02 01:38:06: 2 511 
2022-11-02 01:38:06: 2 512 
2022-11-02 01:38:06: 2 513 
2022-11-02 01:38:06: 2 514 
2022-11-02 01:38:06: 2 515 
2022-11-02 01:38:06: 2 516 
2022-11-02 01:38:06: 2 517 
2022-11-02 01:38:06: 2 518 
2022-11-02 01:38:06: 2 519 
2022-11-02 01:38:06: 2 520 
2022-11-02 01:38:06: 2 521 
2022-11-02 01:38:06: 2 522 
2022-11-02 01:38:06: 2 523 
2022-11-02 01:38:06: 2 524 
2022-11-02 01:38:06: 2 525 
2022-11-02 01:38:06: 2 526 
2022-11-02 01:38:06: 2 527 
2022-11-02 01:38:06: 2 528 
2022-11-02 01:38:06: 2 529 
2022-11-02 01:38:06: 2 530 
2022-11-02 01:38:06: 2 531 
2022-11-02 01:38:06: 2 532 
2022-11-02 01:38:06: 2 533 
2022-11-02 01:38:06: 2 534 
2022-11-02 01:38:06: 2 535 
2022-11-02 01:38:06: 2 536 
2022-11-02 01:38:06: 2 537 
2022-11-02 01:38:06: 2 538 
2022-11-02 01:38:06: 2 539 
2022-11-02 01:38:06: 2 540 
2022-11-02 01:38:06: 2 541 
2022-11-02 01:38:06: 2 542 
2022-11-02 01:38:06: 2 543 
2022-11-02 01:38:06: 2 544 
2022-11-02 01:38:06: 2 545 
2022-11-02 01:38:06: 2 546 
2022-11-02 01:38:06: 2 547 
2022-11-02 01:38:06: 2 548 
2022-11-02 01:38:06: 2 549 
2022-11-02 01:38:06: 2 550 
2022-11-02 01:38:06: 2 551 
2022-11-02 01:38:06: 2 552 
2022-11-02 01:38:06: 2 553 
2022-11-02 01:38:06: 2 554 
2022-11-02 01:38:06: 2 555 
2022-11-02 01:38:06: 2 556 
2022-11-02 01:38:06: 2 557 
2022-11-02 01:38:06: 2 558 
2022-11-02 01:38:06: 2 559 
2022-11-02 01:38:06: 2 560 
2022-11-02 01:38:06: 2 561 
2022-11-02 01:38:06: 2 562 
2022-11-02 01:38:06: 2 563 
2022-11-02 01:38:06: 2 564 
2022-11-02 01:38:06: 2 565 
2022-11-02 01:38:06: 2 566 
2022-11-02 01:38:06: 2 567 
2022-11-02 01:38:06: 2 568 
2022-11-02 01:38:06: 2 569 
2022-11-02 01:38:06: 2 570 
2022-11-02 01:38:06: 2 571 
2022-11-02 01:38:06: 2 572 
2022-11-02 01:38:06: 2 573 
2022-11-02 01:38:06: 2 574 
2022-11-02 01:38:06: 2 575 
2022-11-02 01:38:06: 2 576 
2022-11-02 01:38:06: 2 577 
2022-11-02 01:38:06: 2 578 
2022-11-02 01:38:06: 2 579 
2022-11-02 01:38:06: 2 580 
2022-11-02 01:38:06: 2 581 
2022-11-02 01:38:06: 2 582 
2022-11-02 01:38:06: 2 583 
2022-11-02 01:38:06: 2 584 
2022-11-02 01:38:06: 2 585 
2022-11-02 01:38:06: 2 586 
2022-11-02 01:38:06: 2 587 
2022-11-02 01:38:06: 2 588 
2022-11-02 01:38:06: 2 589 
2022-11-02 01:38:06: 2 590 
2022-11-02 01:38:06: 2 591 
2022-11-02 01:38:06: 2 592 
2022-11-02 01:38:06: 2 593 
2022-11-02 01:38:06: 2 594 
2022-11-02 01:38:06: 2 595 
2022-11-02 01:38:06: 2 596 
2022-11-02 01:38:06: 2 597 
2022-11-02 01:38:06: 2 598 
2022-11-02 01:38:06: 2 599 
2022-11-02 01:38:06: 2 600 
2022-11-02 01:38:06: 2 601 
2022-11-02 01:38:06: 2 602 
2022-11-02 01:38:06: 2 603 
2022-11-02 01:38:06: 2 604 
2022-11-02 01:38:06: 2 605 
2022-11-02 01:38:06: 2 606 
2022-11-02 01:38:06: 2 607 
2022-11-02 01:38:06: 2 608 
2022-11-02 01:38:06: 2 609 
2022-11-02 01:38:06: 2 610 
2022-11-02 01:38:06: 2 611 
2022-11-02 01:38:06: 2 612 
2022-11-02 01:38:06: 2 613 
2022-11-02 01:38:06: 2 614 
2022-11-02 01:38:06: 2 615 
2022-11-02 01:38:06: 2 616 
2022-11-02 01:38:06: 2 617 
2022-11-02 01:38:06: 2 618 
2022-11-02 01:38:06: 2 619 
2022-11-02 01:38:06: 2 620 
2022-11-02 01:38:06: 2 621 
2022-11-02 01:38:06: 2 622 
2022-11-02 01:38:06: 2 623 
2022-11-02 01:38:06: 2 624 
2022-11-02 01:38:06: 2 625 
2022-11-02 01:38:06: 2 626 
2022-11-02 01:38:06: 2 627 
2022-11-02 01:38:06: 2 628 
2022-11-02 01:38:06: 2 629 
2022-11-02 01:38:06: 2 630 
2022-11-02 01:38:06: 2 631 
2022-11-02 01:38:06: 2 632 
2022-11-02 01:38:06: 2 633 
2022-11-02 01:38:06: 2 634 
2022-11-02 01:38:06: 2 635 
2022-11-02 01:38:06: 2 636 
2022-11-02 01:38:06: 2 637 
2022-11-02 01:38:06: 2 638 
2022-11-02 01:38:06: 2 639 
2022-11-02 01:38:06: 2 640 
2022-11-02 01:38:06: 2 641 
2022-11-02 01:38:06: 2 642 
2022-11-02 01:38:06: 2 643 
2022-11-02 01:38:06: 2 644 
2022-11-02 01:38:06: 2 645 
2022-11-02 01:38:06: 2 646 
2022-11-02 01:38:06: 2 647 
2022-11-02 01:38:06: 2 648 
2022-11-02 01:38:06: 2 649 
2022-11-02 01:38:06: 2 650 
2022-11-02 01:38:06: 2 651 
2022-11-02 01:38:06: 2 652 
2022-11-02 01:38:06: 2 653 
2022-11-02 01:38:06: 2 654 
2022-11-02 01:38:06: 2 655 
2022-11-02 01:38:06: 2 656 
2022-11-02 01:38:06: 2 657 
2022-11-02 01:38:06: 2 658 
2022-11-02 01:38:06: 2 659 
2022-11-02 01:38:06: 2 660 
2022-11-02 01:38:06: 2 661 
2022-11-02 01:38:06: 2 662 
2022-11-02 01:38:06: 2 663 
2022-11-02 01:38:06: 2 664 
2022-11-02 01:38:06: 2 665 
2022-11-02 01:38:06: 2 666 
2022-11-02 01:38:06: 2 667 
2022-11-02 01:38:06: 2 668 
2022-11-02 01:38:06: 2 669 
2022-11-02 01:38:06: 2 670 
2022-11-02 01:38:06: 2 671 
2022-11-02 01:38:06: 2 672 
2022-11-02 01:38:06: 2 673 
2022-11-02 01:38:06: 2 674 
2022-11-02 01:38:06: 2 675 
2022-11-02 01:38:06: 2 676 
2022-11-02 01:38:06: 2 677 
2022-11-02 01:38:06: 2 678 
2022-11-02 01:38:06: 2 679 
2022-11-02 01:38:06: 2 680 
2022-11-02 01:38:06: 2 681 
2022-11-02 01:38:06: 2 682 
2022-11-02 01:38:06: 2 683 
2022-11-02 01:38:06: 2 684 
2022-11-02 01:38:06: 2 685 
2022-11-02 01:38:06: 2 686 
2022-11-02 01:38:06: 2 687 
2022-11-02 01:38:06: 2 688 
2022-11-02 01:38:06: 2 689 
2022-11-02 01:38:06: 2 690 
2022-11-02 01:38:06: 2 691 
2022-11-02 01:38:06: 2 692 
2022-11-02 01:38:06: 2 693 
2022-11-02 01:38:06: 2 694 
2022-11-02 01:38:06: 2 695 
2022-11-02 01:38:06: 2 696 
2022-11-02 01:38:06: 2 697 
2022-11-02 01:38:06: 2 698 
2022-11-02 01:38:06: 2 699 
2022-11-02 01:38:06: 2 700 
2022-11-02 01:38:06: 2 701 
2022-11-02 01:38:06: 2 702 
2022-11-02 01:38:06: 2 703 
2022-11-02 01:38:06: 2 704 
2022-11-02 01:38:06: 2 705 
2022-11-02 01:38:06: 2 706 
2022-11-02 01:38:06: 2 707 
2022-11-02 01:38:06: 2 708 
2022-11-02 01:38:06: 2 709 
2022-11-02 01:38:06: 2 710 
2022-11-02 01:38:06: 2 711 
2022-11-02 01:38:06: 2 712 
2022-11-02 01:38:06: 2 713 
2022-11-02 01:38:06: 2 714 
2022-11-02 01:38:06: 2 715 
2022-11-02 01:38:06: 2 716 
2022-11-02 01:38:06: 2 717 
2022-11-02 01:38:06: 2 718 
2022-11-02 01:38:06: 2 719 
2022-11-02 01:38:06: 2 720 
2022-11-02 01:38:06: 2 721 
2022-11-02 01:38:06: 2 722 
2022-11-02 01:38:06: 2 723 
2022-11-02 01:38:06: 2 724 
2022-11-02 01:38:06: 2 725 
2022-11-02 01:38:06: 2 726 
2022-11-02 01:38:06: 2 727 
2022-11-02 01:38:06: 2 728 
2022-11-02 01:38:06: 2 729 
2022-11-02 01:38:06: 2 730 
2022-11-02 01:38:06: 2 731 
2022-11-02 01:38:06: 2 732 
2022-11-02 01:38:06: 2 733 
2022-11-02 01:38:06: 2 734 
2022-11-02 01:38:06: 2 735 
2022-11-02 01:38:06: 2 736 
2022-11-02 01:38:06: 2 737 
2022-11-02 01:38:06: 2 738 
2022-11-02 01:38:06: 2 739 
2022-11-02 01:38:06: 2 740 
2022-11-02 01:38:06: 2 741 
2022-11-02 01:38:06: 2 742 
2022-11-02 01:38:06: 2 743 
2022-11-02 01:38:06: 2 744 
2022-11-02 01:38:06: 2 745 
2022-11-02 01:38:06: 2 746 
2022-11-02 01:38:06: 2 747 
2022-11-02 01:38:06: 2 748 
2022-11-02 01:38:06: 2 749 
2022-11-02 01:38:06: 2 750 
2022-11-02 01:38:06: 2 751 
2022-11-02 01:38:06: 2 752 
2022-11-02 01:38:06: 2 753 
2022-11-02 01:38:06: 2 754 
2022-11-02 01:38:06: 2 755 
2022-11-02 01:38:06: 2 756 
2022-11-02 01:38:06: 2 757 
2022-11-02 01:38:06: 2 758 
2022-11-02 01:38:06: 2 759 
2022-11-02 01:38:06: 2 760 
2022-11-02 01:38:06: 2 761 
2022-11-02 01:38:06: 2 762 
2022-11-02 01:38:06: 2 763 
2022-11-02 01:38:06: 2 764 
2022-11-02 01:38:06: 2 765 
2022-11-02 01:38:06: 2 766 
2022-11-02 01:38:06: 2 767 
2022-11-02 01:38:06: 2 768 
2022-11-02 01:38:06: 2 769 
2022-11-02 01:38:06: 2 770 
2022-11-02 01:38:06: 2 771 
2022-11-02 01:38:06: 2 772 
2022-11-02 01:38:06: 2 773 
2022-11-02 01:38:06: 2 774 
2022-11-02 01:38:06: 2 775 
2022-11-02 01:38:06: 2 776 
2022-11-02 01:38:06: 2 777 
2022-11-02 01:38:06: 2 778 
2022-11-02 01:38:06: 2 779 
2022-11-02 01:38:06: 2 780 
2022-11-02 01:38:06: 2 781 
2022-11-02 01:38:06: 2 782 
2022-11-02 01:38:06: 2 783 
2022-11-02 01:38:06: 2 784 
2022-11-02 01:38:06: 2 785 
2022-11-02 01:38:06: 2 786 
2022-11-02 01:38:06: 2 787 
2022-11-02 01:38:06: 2 788 
2022-11-02 01:38:06: 2 789 
2022-11-02 01:38:06: 2 790 
2022-11-02 01:38:06: 2 791 
2022-11-02 01:38:06: 2 792 
2022-11-02 01:38:06: 2 793 
2022-11-02 01:38:06: 2 794 
2022-11-02 01:38:06: 2 795 
2022-11-02 01:38:06: 2 796 
2022-11-02 01:38:06: 2 797 
2022-11-02 01:38:06: 2 798 
2022-11-02 01:38:06: 2 799 
2022-11-02 01:38:06: 2 800 
2022-11-02 01:38:06: 2 801 
2022-11-02 01:38:06: 2 802 
2022-11-02 01:38:06: 2 803 
2022-11-02 01:38:06: 2 804 
2022-11-02 01:38:06: 2 805 
2022-11-02 01:38:06: 2 806 
2022-11-02 01:38:06: 2 807 
2022-11-02 01:38:06: 2 808 
2022-11-02 01:38:06: 2 809 
2022-11-02 01:38:06: 2 810 
2022-11-02 01:38:06: 2 811 
2022-11-02 01:38:06: 2 812 
2022-11-02 01:38:06: 2 813 
2022-11-02 01:38:06: 2 814 
2022-11-02 01:38:06: 2 815 
2022-11-02 01:38:06: 2 816 
2022-11-02 01:38:06: 2 817 
2022-11-02 01:38:06: 2 818 
2022-11-02 01:38:06: 2 819 
2022-11-02 01:38:06: 2 820 
2022-11-02 01:38:06: 2 821 
2022-11-02 01:38:06: 2 822 
2022-11-02 01:38:06: 2 823 
2022-11-02 01:38:06: 2 824 
2022-11-02 01:38:06: 2 825 
2022-11-02 01:38:06: 2 826 
2022-11-02 01:38:06: 2 827 
2022-11-02 01:38:06: 2 828 
2022-11-02 01:38:06: 2 829 
2022-11-02 01:38:06: 2 830 
2022-11-02 01:38:06: 2 831 
2022-11-02 01:38:06: 2 832 
2022-11-02 01:38:06: 2 833 
2022-11-02 01:38:06: 2 834 
2022-11-02 01:38:06: 2 835 
2022-11-02 01:38:06: 2 836 
2022-11-02 01:38:06: 2 837 
2022-11-02 01:38:06: 2 838 
2022-11-02 01:38:06: 2 839 
2022-11-02 01:38:06: 2 840 
2022-11-02 01:38:06: 2 841 
2022-11-02 01:38:06: 2 842 
2022-11-02 01:38:06: 2 843 
2022-11-02 01:38:06: 2 844 
2022-11-02 01:38:06: 2 845 
2022-11-02 01:38:06: 2 846 
2022-11-02 01:38:06: 2 847 
2022-11-02 01:38:06: 2 848 
2022-11-02 01:38:06: 2 849 
2022-11-02 01:38:06: 2 850 
2022-11-02 01:38:06: 2 851 
2022-11-02 01:38:06: 2 852 
2022-11-02 01:38:06: 2 853 
2022-11-02 01:38:06: 2 854 
2022-11-02 01:38:06: 2 855 
2022-11-02 01:38:06: 2 856 
2022-11-02 01:38:06: 2 857 
2022-11-02 01:38:06: 2 858 
2022-11-02 01:38:06: 2 859 
2022-11-02 01:38:06: 2 860 
2022-11-02 01:38:06: 2 861 
2022-11-02 01:38:06: 2 862 
2022-11-02 01:38:06: 2 863 
2022-11-02 01:38:06: 2 864 
2022-11-02 01:38:06: 2 865 
2022-11-02 01:38:06: 2 866 
2022-11-02 01:38:06: 2 867 
2022-11-02 01:38:06: 2 868 
2022-11-02 01:38:06: 2 869 
2022-11-02 01:38:06: 2 870 
2022-11-02 01:38:06: 2 871 
2022-11-02 01:38:06: 2 872 
2022-11-02 01:38:06: 2 873 
2022-11-02 01:38:06: 2 874 
2022-11-02 01:38:06: 2 875 
2022-11-02 01:38:06: 2 876 
2022-11-02 01:38:06: 2 877 
2022-11-02 01:38:06: 2 878 
2022-11-02 01:38:06: 2 879 
2022-11-02 01:38:06: 2 880 
2022-11-02 01:38:06: 2 881 
2022-11-02 01:38:06: 2 882 
2022-11-02 01:38:06: 2 883 
2022-11-02 01:38:06: 2 884 
2022-11-02 01:38:06: 2 885 
2022-11-02 01:38:06: 2 886 
2022-11-02 01:38:06: 2 887 
2022-11-02 01:38:06: 2 888 
2022-11-02 01:38:06: 2 889 
2022-11-02 01:38:06: 2 890 
2022-11-02 01:38:06: 2 891 
2022-11-02 01:38:06: 2 892 
2022-11-02 01:38:06: 2 893 
2022-11-02 01:38:06: 2 894 
2022-11-02 01:38:06: 2 895 
2022-11-02 01:38:06: 2 896 
2022-11-02 01:38:06: 2 897 
2022-11-02 01:38:06: 2 898 
2022-11-02 01:38:06: 2 899 
2022-11-02 01:38:06: 2 900 
2022-11-02 01:38:06: 2 901 
2022-11-02 01:38:06: 2 902 
2022-11-02 01:38:06: 2 903 
2022-11-02 01:38:06: 2 904 
2022-11-02 01:38:06: 2 905 
2022-11-02 01:38:06: 2 906 
2022-11-02 01:38:06: 2 907 
2022-11-02 01:38:06: 2 908 
2022-11-02 01:38:06: 2 909 
2022-11-02 01:38:06: 2 910 
2022-11-02 01:38:06: 2 911 
2022-11-02 01:38:06: 2 912 
2022-11-02 01:38:06: 2 913 
2022-11-02 01:38:06: 2 914 
2022-11-02 01:38:06: 2 915 
2022-11-02 01:38:06: 2 916 
2022-11-02 01:38:06: 2 917 
2022-11-02 01:38:06: 2 918 
2022-11-02 01:38:06: 2 919 
2022-11-02 01:38:06: 2 920 
2022-11-02 01:38:06: 2 921 
2022-11-02 01:38:06: 2 922 
2022-11-02 01:38:06: 2 923 
2022-11-02 01:38:06: 2 924 
2022-11-02 01:38:06: 2 925 
2022-11-02 01:38:06: 2 926 
2022-11-02 01:38:06: 2 927 
2022-11-02 01:38:06: 2 928 
2022-11-02 01:38:06: 2 929 
2022-11-02 01:38:06: 2 930 
2022-11-02 01:38:06: 2 931 
2022-11-02 01:38:06: 2 932 
2022-11-02 01:38:06: 2 933 
2022-11-02 01:38:06: 2 934 
2022-11-02 01:38:06: 2 935 
2022-11-02 01:38:06: 2 936 
2022-11-02 01:38:06: 2 937 
2022-11-02 01:38:06: 2 938 
2022-11-02 01:38:06: 2 939 
2022-11-02 01:38:06: 2 940 
2022-11-02 01:38:06: 2 941 
2022-11-02 01:38:06: 2 942 
2022-11-02 01:38:06: 2 943 
2022-11-02 01:38:06: 2 944 
2022-11-02 01:38:06: 2 945 
2022-11-02 01:38:06: 2 946 
2022-11-02 01:38:06: 2 947 
2022-11-02 01:38:06: 2 948 
2022-11-02 01:38:06: 2 949 
2022-11-02 01:38:06: 2 950 
2022-11-02 01:38:06: 2 951 
2022-11-02 01:38:06: 2 952 
2022-11-02 01:38:06: 2 953 
2022-11-02 01:38:06: 2 954 
2022-11-02 01:38:06: 2 955 
2022-11-02 01:38:06: 2 956 
2022-11-02 01:38:06: 2 957 
2022-11-02 01:38:06: 2 958 
2022-11-02 01:38:06: 2 959 
2022-11-02 01:38:06: 2 960 
2022-11-02 01:38:06: 2 961 
2022-11-02 01:38:06: 2 962 
2022-11-02 01:38:06: 2 963 
2022-11-02 01:38:06: 2 964 
2022-11-02 01:38:06: 2 965 
2022-11-02 01:38:06: 2 966 
2022-11-02 01:38:06: 2 967 
2022-11-02 01:38:06: 2 968 
2022-11-02 01:38:06: 2 969 
2022-11-02 01:38:06: 2 970 
2022-11-02 01:38:06: 2 971 
2022-11-02 01:38:06: 2 972 
2022-11-02 01:38:06: 2 973 
2022-11-02 01:38:06: 2 974 
2022-11-02 01:38:06: 2 975 
2022-11-02 01:38:06: 2 976 
2022-11-02 01:38:06: 2 977 
2022-11-02 01:38:06: 2 978 
2022-11-02 01:38:06: 2 979 
2022-11-02 01:38:06: 2 980 
2022-11-02 01:38:06: 2 981 
2022-11-02 01:38:06: 2 982 
2022-11-02 01:38:06: 2 983 
2022-11-02 01:38:06: 2 984 
2022-11-02 01:38:06: 2 985 
2022-11-02 01:38:06: 2 986 
2022-11-02 01:38:06: 2 987 
2022-11-02 01:38:06: 2 988 
2022-11-02 01:38:06: 2 989 
2022-11-02 01:38:06: 2 990 
2022-11-02 01:38:06: 2 991 
2022-11-02 01:38:06: 2 992 
2022-11-02 01:38:06: 2 993 
2022-11-02 01:38:06: 2 994 
2022-11-02 01:38:06: 2 995 
2022-11-02 01:38:06: 2 996 
2022-11-02 01:38:06: 2 997 
2022-11-02 01:38:06: 2 998 
2022-11-02 01:38:06: 2 999 
2022-11-02 01:38:06: 1 0 
2022-11-02 01:38:06: 1 1 
2022-11-02 01:38:06: 1 2 
2022-11-02 01:38:06: 1 3 
2022-11-02 01:38:06: 1 4 
2022-11-02 01:38:06: 1 5 
2022-11-02 01:38:06: 1 6 
2022-11-02 01:38:06: 1 7 
2022-11-02 01:38:06: 1 8 
2022-11-02 01:38:06: 1 9 
2022-11-02 01:38:06: 1 10 
2022-11-02 01:38:06: 1 11 
2022-11-02 01:38:06: 1 12 
2022-11-02 01:38:06: 1 13 
2022-11-02 01:38:06: 1 14 
2022-11-02 01:38:06: 1 15 
2022-11-02 01:38:06: 1 16 
2022-11-02 01:38:06: 1 17 
2022-11-02 01:38:06: 1 18 
2022-11-02 01:38:06: 1 19 
2022-11-02 01:38:06: 1 20 
2022-11-02 01:38:06: 1 21 
2022-11-02 01:38:06: 1 22 
2022-11-02 01:38:06: 1 23 
2022-11-02 01:38:06: 1 24 
2022-11-02 01:38:06: 1 25 
2022-11-02 01:38:06: 1 26 
2022-11-02 01:38:06: 1 27 
2022-11-02 01:38:06: 1 28 
2022-11-02 01:38:06: 1 29 
2022-11-02 01:38:06: 1 30 
2022-11-02 01:38:06: 1 31 
2022-11-02 01:38:06: 1 32 
2022-11-02 01:38:06: 1 33 
2022-11-02 01:38:06: 1 34 
2022-11-02 01:38:06: 1 35 
2022-11-02 01:38:06: 1 36 
2022-11-02 01:38:06: 1 37 
2022-11-02 01:38:06: 1 38 
2022-11-02 01:38:06: 1 39 
2022-11-02 01:38:06: 1 40 
2022-11-02 01:38:06: 1 41 
2022-11-02 01:38:06: 1 42 
2022-11-02 01:38:06: 1 43 
2022-11-02 01:38:06: 1 44 
2022-11-02 01:38:06: 1 45 
2022-11-02 01:38:06: 1 46 
2022-11-02 01:38:06: 1 47 
2022-11-02 01:38:06: 1 48 
2022-11-02 01:38:06: 1 49 
2022-11-02 01:38:06: 1 50 
2022-11-02 01:38:06: 1 51 
2022-11-02 01:38:06: 1 52 
2022-11-02 01:38:06: 1 53 
2022-11-02 01:38:06: 1 54 
2022-11-02 01:38:06: 1 55 
2022-11-02 01:38:06: 1 56 
2022-11-02 01:38:06: 1 57 
2022-11-02 01:38:06: 1 58 
2022-11-02 01:38:06: 1 59 
2022-11-02 01:38:06: 1 60 
2022-11-02 01:38:06: 1 61 
2022-11-02 01:38:06: 1 62 
2022-11-02 01:38:06: 1 63 
2022-11-02 01:38:06: 1 64 
2022-11-02 01:38:06: 1 65 
2022-11-02 01:38:06: 1 66 
2022-11-02 01:38:06: 1 67 
2022-11-02 01:38:06: 1 68 
2022-11-02 01:38:06: 1 69 
2022-11-02 01:38:06: 1 70 
2022-11-02 01:38:06: 1 71 
2022-11-02 01:38:06: 1 72 
2022-11-02 01:38:06: 1 73 
2022-11-02 01:38:06: 1 74 
2022-11-02 01:38:06: 1 75 
2022-11-02 01:38:06: 1 76 
2022-11-02 01:38:06: 1 77 
2022-11-02 01:38:06: 1 78 
2022-11-02 01:38:06: 1 79 
2022-11-02 01:38:06: 1 80 
2022-11-02 01:38:06: 1 81 
2022-11-02 01:38:06: 1 82 
2022-11-02 01:38:06: 1 83 
2022-11-02 01:38:06: 1 84 
2022-11-02 01:38:06: 1 85 
2022-11-02 01:38:06: 1 86 
2022-11-02 01:38:06: 1 87 
2022-11-02 01:38:06: 1 88 
2022-11-02 01:38:06: 1 89 
2022-11-02 01:38:06: 1 90 
2022-11-02 01:38:06: 1 91 
2022-11-02 01:38:06: 1 92 
2022-11-02 01:38:06: 1 93 
2022-11-02 01:38:06: 1 94 
2022-11-02 01:38:06: 1 95 
2022-11-02 01:38:06: 1 96 
2022-11-02 01:38:06: 1 97 
2022-11-02 01:38:06: 1 98 
2022-11-02 01:38:06: 1 99 
2022-11-02 01:38:06: 1 100 
2022-11-02 01:38:06: 1 101 
2022-11-02 01:38:06: 1 102 
2022-11-02 01:38:06: 1 103 
2022-11-02 01:38:06: 1 104 
2022-11-02 01:38:06: 1 105 
2022-11-02 01:38:06: 1 106 
2022-11-02 01:38:06: 1 107 
2022-11-02 01:38:06: 1 108 
2022-11-02 01:38:06: 1 109 
2022-11-02 01:38:06: 1 110 
2022-11-02 01:38:06: 1 111 
2022-11-02 01:38:06: 1 112 
2022-11-02 01:38:06: 1 113 
2022-11-02 01:38:06: 1 114 
2022-11-02 01:38:06: 1 115 
2022-11-02 01:38:06: 1 116 
2022-11-02 01:38:06: 1 117 
2022-11-02 01:38:06: 1 118 
2022-11-02 01:38:06: 1 119 
2022-11-02 01:38:06: 1 120 
2022-11-02 01:38:06: 1 121 
2022-11-02 01:38:06: 1 122 
2022-11-02 01:38:06: 1 123 
2022-11-02 01:38:06: 1 124 
2022-11-02 01:38:06: 1 125 
2022-11-02 01:38:06: 1 126 
2022-11-02 01:38:06: 1 127 
2022-11-02 01:38:06: 1 128 
2022-11-02 01:38:06: 1 129 
2022-11-02 01:38:06: 1 130 
2022-11-02 01:38:06: 1 131 
2022-11-02 01:38:06: 1 132 
2022-11-02 01:38:06: 1 133 
2022-11-02 01:38:06: 1 134 
2022-11-02 01:38:06: 1 135 
2022-11-02 01:38:06: 1 136 
2022-11-02 01:38:06: 1 137 
2022-11-02 01:38:06: 1 138 
2022-11-02 01:38:06: 1 139 
2022-11-02 01:38:06: 1 140 
2022-11-02 01:38:06: 1 141 
2022-11-02 01:38:06: 1 142 
2022-11-02 01:38:06: 1 143 
2022-11-02 01:38:06: 1 144 
2022-11-02 01:38:06: 1 145 
2022-11-02 01:38:06: 1 146 
2022-11-02 01:38:06: 1 147 
2022-11-02 01:38:06: 1 148 
2022-11-02 01:38:06: 1 149 
2022-11-02 01:38:06: 1 150 
2022-11-02 01:38:06: 1 151 
2022-11-02 01:38:06: 1 152 
2022-11-02 01:38:06: 1 153 
2022-11-02 01:38:06: 1 154 
2022-11-02 01:38:06: 1 155 
2022-11-02 01:38:06: 1 156 
2022-11-02 01:38:06: 1 157 
2022-11-02 01:38:06: 1 158 
2022-11-02 01:38:06: 1 159 
2022-11-02 01:38:06: 1 160 
2022-11-02 01:38:06: 1 161 
2022-11-02 01:38:06: 1 162 
2022-11-02 01:38:06: 1 163 
2022-11-02 01:38:06: 1 164 
2022-11-02 01:38:06: 1 165 
2022-11-02 01:38:06: 1 166 
2022-11-02 01:38:06: 1 167 
2022-11-02 01:38:06: 1 168 
2022-11-02 01:38:06: 1 169 
2022-11-02 01:38:06: 1 170 
2022-11-02 01:38:06: 1 171 
2022-11-02 01:38:06: 1 172 
2022-11-02 01:38:06: 1 173 
2022-11-02 01:38:06: 1 174 
2022-11-02 01:38:06: 1 175 
2022-11-02 01:38:06: 1 176 
2022-11-02 01:38:06: 1 177 
2022-11-02 01:38:06: 1 178 
2022-11-02 01:38:06: 1 179 
2022-11-02 01:38:06: 1 180 
2022-11-02 01:38:06: 1 181 
2022-11-02 01:38:06: 1 182 
2022-11-02 01:38:06: 1 183 
2022-11-02 01:38:06: 1 184 
2022-11-02 01:38:06: 1 185 
2022-11-02 01:38:06: 1 186 
2022-11-02 01:38:06: 1 187 
2022-11-02 01:38:06: 1 188 
2022-11-02 01:38:06: 1 189 
2022-11-02 01:38:06: 1 190 
2022-11-02 01:38:06: 1 191 
2022-11-02 01:38:06: 1 192 
2022-11-02 01:38:06: 1 193 
2022-11-02 01:38:06: 1 194 
2022-11-02 01:38:06: 1 195 
2022-11-02 01:38:06: 1 196 
2022-11-02 01:38:06: 1 197 
2022-11-02 01:38:06: 1 198 
2022-11-02 01:38:06: 1 199 
2022-11-02 01:38:06: 1 200 
2022-11-02 01:38:06: 1 201 
2022-11-02 01:38:06: 1 202 
2022-11-02 01:38:06: 1 203 
2022-11-02 01:38:06: 1 204 
2022-11-02 01:38:06: 1 205 
2022-11-02 01:38:06: 1 206 
2022-11-02 01:38:06: 1 207 
2022-11-02 01:38:06: 1 208 
2022-11-02 01:38:06: 1 209 
2022-11-02 01:38:06: 1 210 
2022-11-02 01:38:06: 1 211 
2022-11-02 01:38:06: 1 212 
2022-11-02 01:38:06: 1 213 
2022-11-02 01:38:06: 1 214 
2022-11-02 01:38:06: 1 215 
2022-11-02 01:38:06: 1 216 
2022-11-02 01:38:06: 1 217 
2022-11-02 01:38:06: 1 218 
2022-11-02 01:38:06: 1 219 
2022-11-02 01:38:06: 1 220 
2022-11-02 01:38:06: 1 221 
2022-11-02 01:38:06: 1 222 
2022-11-02 01:38:06: 1 223 
2022-11-02 01:38:06: 1 224 
2022-11-02 01:38:06: 1 225 
2022-11-02 01:38:06: 1 226 
2022-11-02 01:38:06: 1 227 
2022-11-02 01:38:06: 1 228 
2022-11-02 01:38:06: 1 229 
2022-11-02 01:38:06: 1 230 
2022-11-02 01:38:06: 1 231 
2022-11-02 01:38:06: 1 232 
2022-11-02 01:38:06: 1 233 
2022-11-02 01:38:06: 1 234 
2022-11-02 01:38:06: 1 235 
2022-11-02 01:38:06: 1 236 
2022-11-02 01:38:06: 1 237 
2022-11-02 01:38:06: 1 238 
2022-11-02 01:38:06: 1 239 
2022-11-02 01:38:06: 1 240 
2022-11-02 01:38:06: 1 241 
2022-11-02 01:38:06: 1 242 
2022-11-02 01:38:06: 1 243 
2022-11-02 01:38:06: 1 244 
2022-11-02 01:38:06: 1 245 
2022-11-02 01:38:06: 1 246 
2022-11-02 01:38:06: 1 247 
2022-11-02 01:38:06: 1 248 
2022-11-02 01:38:06: 1 249 
2022-11-02 01:38:06: 1 250 
2022-11-02 01:38:06: 1 251 
2022-11-02 01:38:06: 1 252 
2022-11-02 01:38:06: 1 253 
2022-11-02 01:38:06: 1 254 
2022-11-02 01:38:06: 1 255 
2022-11-02 01:38:06: 1 256 
2022-11-02 01:38:06: 1 257 
2022-11-02 01:38:06: 1 258 
2022-11-02 01:38:06: 1 259 
2022-11-02 01:38:06: 1 260 
2022-11-02 01:38:06: 1 261 
2022-11-02 01:38:06: 1 262 
2022-11-02 01:38:06: 1 263 
2022-11-02 01:38:06: 1 264 
2022-11-02 01:38:06: 1 265 
2022-11-02 01:38:06: 1 266 
2022-11-02 01:38:06: 1 267 
2022-11-02 01:38:06: 1 268 
2022-11-02 01:38:06: 1 269 
2022-11-02 01:38:06: 1 270 
2022-11-02 01:38:06: 1 271 
2022-11-02 01:38:06: 1 272 
2022-11-02 01:38:06: 1 273 
2022-11-02 01:38:06: 1 274 
2022-11-02 01:38:06: 1 275 
2022-11-02 01:38:06: 1 276 
2022-11-02 01:38:06: 1 277 
2022-11-02 01:38:06: 1 278 
2022-11-02 01:38:06: 1 279 
2022-11-02 01:38:06: 1 280 
2022-11-02 01:38:06: 1 281 
2022-11-02 01:38:06: 1 282 
2022-11-02 01:38:06: 1 283 
2022-11-02 01:38:06: 1 284 
2022-11-02 01:38:06: 1 285 
2022-11-02 01:38:06: 1 286 
2022-11-02 01:38:06: 1 287 
2022-11-02 01:38:06: 1 288 
2022-11-02 01:38:06: 1 289 
2022-11-02 01:38:06: 1 290 
2022-11-02 01:38:06: 1 291 
2022-11-02 01:38:06: 1 292 
2022-11-02 01:38:06: 1 293 
2022-11-02 01:38:06: 1 294 
2022-11-02 01:38:06: 1 295 
2022-11-02 01:38:06: 1 296 
2022-11-02 01:38:06: 1 297 
2022-11-02 01:38:06: 1 298 
2022-11-02 01:38:06: 1 299 
2022-11-02 01:38:06: 1 300 
2022-11-02 01:38:06: 1 301 
2022-11-02 01:38:06: 1 302 
2022-11-02 01:38:06: 1 303 
2022-11-02 01:38:06: 1 304 
2022-11-02 01:38:06: 1 305 
2022-11-02 01:38:06: 1 306 
2022-11-02 01:38:06: 1 307 
2022-11-02 01:38:06: 1 308 
2022-11-02 01:38:06: 1 309 
2022-11-02 01:38:06: 1 310 
2022-11-02 01:38:06: 1 311 
2022-11-02 01:38:06: 1 312 
2022-11-02 01:38:06: 1 313 
2022-11-02 01:38:06: 1 314 
2022-11-02 01:38:06: 1 315 
2022-11-02 01:38:06: 1 316 
2022-11-02 01:38:06: 1 317 
2022-11-02 01:38:06: 1 318 
2022-11-02 01:38:06: 1 319 
2022-11-02 01:38:06: 1 320 
2022-11-02 01:38:06: 1 321 
2022-11-02 01:38:06: 1 322 
2022-11-02 01:38:06: 1 323 
2022-11-02 01:38:06: 1 324 
2022-11-02 01:38:06: 1 325 
2022-11-02 01:38:06: 1 326 
2022-11-02 01:38:06: 1 327 
2022-11-02 01:38:06: 1 328 
2022-11-02 01:38:06: 1 329 
2022-11-02 01:38:06: 1 330 
2022-11-02 01:38:06: 1 331 
2022-11-02 01:38:06: 1 332 
2022-11-02 01:38:06: 1 333 
2022-11-02 01:38:06: 1 334 
2022-11-02 01:38:06: 1 335 
2022-11-02 01:38:06: 1 336 
2022-11-02 01:38:06: 1 337 
2022-11-02 01:38:06: 1 338 
2022-11-02 01:38:06: 1 339 
2022-11-02 01:38:06: 1 340 
2022-11-02 01:38:06: 1 341 
2022-11-02 01:38:06: 1 342 
2022-11-02 01:38:06: 1 343 
2022-11-02 01:38:06: 1 344 
2022-11-02 01:38:06: 1 345 
2022-11-02 01:38:06: 1 346 
2022-11-02 01:38:06: 1 347 
2022-11-02 01:38:06: 1 348 
2022-11-02 01:38:06: 1 349 
2022-11-02 01:38:06: 1 350 
2022-11-02 01:38:06: 1 351 
2022-11-02 01:38:06: 1 352 
2022-11-02 01:38:06: 1 353 
2022-11-02 01:38:06: 1 354 
2022-11-02 01:38:06: 1 355 
2022-11-02 01:38:06: 1 356 
2022-11-02 01:38:06: 1 357 
2022-11-02 01:38:06: 1 358 
2022-11-02 01:38:06: 1 359 
2022-11-02 01:38:06: 1 360 
2022-11-02 01:38:06: 1 361 
2022-11-02 01:38:06: 1 362 
2022-11-02 01:38:06: 1 363 
2022-11-02 01:38:06: 1 364 
2022-11-02 01:38:06: 1 365 
2022-11-02 01:38:06: 1 366 
2022-11-02 01:38:06: 1 367 
2022-11-02 01:38:06: 1 368 
2022-11-02 01:38:06: 1 369 
2022-11-02 01:38:06: 1 370 
2022-11-02 01:38:06: 1 371 
2022-11-02 01:38:06: 1 372 
2022-11-02 01:38:06: 1 373 
2022-11-02 01:38:06: 1 374 
2022-11-02 01:38:06: 1 375 
2022-11-02 01:38:06: 1 376 
2022-11-02 01:38:06: 1 377 
2022-11-02 01:38:06: 1 378 
2022-11-02 01:38:06: 1 379 
2022-11-02 01:38:06: 1 380 
2022-11-02 01:38:06: 1 381 
2022-11-02 01:38:06: 1 382 
2022-11-02 01:38:06: 1 383 
2022-11-02 01:38:06: 1 384 
2022-11-02 01:38:06: 1 385 
2022-11-02 01:38:06: 1 386 
2022-11-02 01:38:06: 1 387 
2022-11-02 01:38:06: 1 388 
2022-11-02 01:38:06: 1 389 
2022-11-02 01:38:06: 1 390 
2022-11-02 01:38:06: 1 391 
2022-11-02 01:38:06: 1 392 
2022-11-02 01:38:06: 1 393 
2022-11-02 01:38:06: 1 394 
2022-11-02 01:38:06: 1 395 
2022-11-02 01:38:06: 1 396 
2022-11-02 01:38:06: 1 397 
2022-11-02 01:38:06: 1 398 
2022-11-02 01:38:06: 1 399 
2022-11-02 01:38:06: 1 400 
2022-11-02 01:38:06: 1 401 
2022-11-02 01:38:06: 1 402 
2022-11-02 01:38:06: 1 403 
2022-11-02 01:38:06: 1 404 
2022-11-02 01:38:06: 1 405 
2022-11-02 01:38:06: 1 406 
2022-11-02 01:38:06: 1 407 
2022-11-02 01:38:06: 1 408 
2022-11-02 01:38:06: 1 409 
2022-11-02 01:38:06: 1 410 
2022-11-02 01:38:06: 1 411 
2022-11-02 01:38:06: 1 412 
2022-11-02 01:38:06: 1 413 
2022-11-02 01:38:06: 1 414 
2022-11-02 01:38:06: 1 415 
2022-11-02 01:38:06: 1 416 
2022-11-02 01:38:06: 1 417 
2022-11-02 01:38:06: 1 418 
2022-11-02 01:38:06: 1 419 
2022-11-02 01:38:06: 1 420 
2022-11-02 01:38:06: 1 421 
2022-11-02 01:38:06: 1 422 
2022-11-02 01:38:06: 1 423 
2022-11-02 01:38:06: 1 424 
2022-11-02 01:38:06: 1 425 
2022-11-02 01:38:06: 1 426 
2022-11-02 01:38:06: 1 427 
2022-11-02 01:38:06: 1 428 
2022-11-02 01:38:06: 1 429 
2022-11-02 01:38:06: 1 430 
2022-11-02 01:38:06: 1 431 
2022-11-02 01:38:06: 1 432 
2022-11-02 01:38:06: 1 433 
2022-11-02 01:38:06: 1 434 
2022-11-02 01:38:06: 1 435 
2022-11-02 01:38:06: 1 436 
2022-11-02 01:38:06: 1 437 
2022-11-02 01:38:06: 1 438 
2022-11-02 01:38:06: 1 439 
2022-11-02 01:38:06: 1 440 
2022-11-02 01:38:06: 1 441 
2022-11-02 01:38:06: 1 442 
2022-11-02 01:38:06: 1 443 
2022-11-02 01:38:06: 1 444 
2022-11-02 01:38:06: 1 445 
2022-11-02 01:38:06: 1 446 
2022-11-02 01:38:06: 1 447 
2022-11-02 01:38:06: 1 448 
2022-11-02 01:38:06: 1 449 
2022-11-02 01:38:06: 1 450 
2022-11-02 01:38:06: 1 451 
2022-11-02 01:38:06: 1 452 
2022-11-02 01:38:06: 1 453 
2022-11-02 01:38:06: 1 454 
2022-11-02 01:38:06: 1 455 
2022-11-02 01:38:06: 1 456 
2022-11-02 01:38:06: 1 457 
2022-11-02 01:38:06: 1 458 
2022-11-02 01:38:06: 1 459 
2022-11-02 01:38:06: 1 460 
2022-11-02 01:38:06: 1 461 
2022-11-02 01:38:06: 1 462 
2022-11-02 01:38:06: 1 463 
2022-11-02 01:38:06: 1 464 
2022-11-02 01:38:06: 1 465 
2022-11-02 01:38:06: 1 466 
2022-11-02 01:38:06: 1 467 
2022-11-02 01:38:06: 1 468 
2022-11-02 01:38:06: 1 469 
2022-11-02 01:38:06: 1 470 
2022-11-02 01:38:06: 1 471 
2022-11-02 01:38:06: 1 472 
2022-11-02 01:38:06: 1 473 
2022-11-02 01:38:06: 1 474 
2022-11-02 01:38:06: 1 475 
2022-11-02 01:38:06: 1 476 
2022-11-02 01:38:06: 1 477 
2022-11-02 01:38:06: 1 478 
2022-11-02 01:38:06: 1 479 
2022-11-02 01:38:06: 1 480 
2022-11-02 01:38:06: 1 481 
2022-11-02 01:38:06: 1 482 
2022-11-02 01:38:06: 1 483 
2022-11-02 01:38:06: 1 484 
2022-11-02 01:38:06: 1 485 
2022-11-02 01:38:06: 1 486 
2022-11-02 01:38:06: 1 487 
2022-11-02 01:38:06: 1 488 
2022-11-02 01:38:06: 1 489 
2022-11-02 01:38:06: 1 490 
2022-11-02 01:38:06: 1 491 
2022-11-02 01:38:06: 1 492 
2022-11-02 01:38:06: 1 493 
2022-11-02 01:38:06: 1 494 
2022-11-02 01:38:06: 1 495 
2022-11-02 01:38:06: 1 496 
2022-11-02 01:38:06: 1 497 
2022-11-02 01:38:06: 1 498 
2022-11-02 01:38:06: 1 499 
2022-11-02 01:38:06: 1 500 
2022-11-02 01:38:06: 1 501 
2022-11-02 01:38:06: 1 502 
2022-11-02 01:38:06: 1 503 
2022-11-02 01:38:06: 1 504 
2022-11-02 01:38:06: 1 505 
2022-11-02 01:38:06: 1 506 
2022-11-02 01:38:06: 1 507 
2022-11-02 01:38:06: 1 508 
2022-11-02 01:38:06: 1 509 
2022-11-02 01:38:06: 1 510 
2022-11-02 01:38:06: 1 511 
2022-11-02 01:38:06: 1 512 
2022-11-02 01:38:06: 1 513 
2022-11-02 01:38:06: 1 514 
2022-11-02 01:38:06: 1 515 
2022-11-02 01:38:06: 1 516 
2022-11-02 01:38:06: 1 517 
2022-11-02 01:38:06: 1 518 
2022-11-02 01:38:06: 1 519 
2022-11-02 01:38:06: 1 520 
2022-11-02 01:38:06: 1 521 
2022-11-02 01:38:06: 1 522 
2022-11-02 01:38:06: 1 523 
2022-11-02 01:38:06: 1 524 
2022-11-02 01:38:06: 1 525 
2022-11-02 01:38:06: 1 526 
2022-11-02 01:38:06: 1 527 
2022-11-02 01:38:06: 1 528 
2022-11-02 01:38:06: 1 529 
2022-11-02 01:38:06: 1 530 
2022-11-02 01:38:06: 1 531 
2022-11-02 01:38:06: 1 532 
2022-11-02 01:38:06: 1 533 
2022-11-02 01:38:06: 1 534 
2022-11-02 01:38:06: 1 535 
2022-11-02 01:38:06: 1 536 
2022-11-02 01:38:06: 1 537 
2022-11-02 01:38:06: 1 538 
2022-11-02 01:38:06: 1 539 
2022-11-02 01:38:06: 1 540 
2022-11-02 01:38:06: 1 541 
2022-11-02 01:38:06: 1 542 
2022-11-02 01:38:06: 1 543 
2022-11-02 01:38:06: 1 544 
2022-11-02 01:38:06: 1 545 
2022-11-02 01:38:06: 1 546 
2022-11-02 01:38:06: 1 547 
2022-11-02 01:38:06: 1 548 
2022-11-02 01:38:06: 1 549 
2022-11-02 01:38:06: 1 550 
2022-11-02 01:38:06: 1 551 
2022-11-02 01:38:06: 1 552 
2022-11-02 01:38:06: 1 553 
2022-11-02 01:38:06: 1 554 
2022-11-02 01:38:06: 1 555 
2022-11-02 01:38:06: 1 556 
2022-11-02 01:38:06: 1 557 
2022-11-02 01:38:06: 1 558 
2022-11-02 01:38:06: 1 559 
2022-11-02 01:38:06: 1 560 
2022-11-02 01:38:06: 1 561 
2022-11-02 01:38:06: 1 562 
2022-11-02 01:38:06: 1 563 
2022-11-02 01:38:06: 1 564 
2022-11-02 01:38:06: 1 565 
2022-11-02 01:38:06: 1 566 
2022-11-02 01:38:06: 1 567 
2022-11-02 01:38:06: 1 568 
2022-11-02 01:38:06: 1 569 
2022-11-02 01:38:06: 1 570 
2022-11-02 01:38:06: 1 571 
2022-11-02 01:38:06: 1 572 
2022-11-02 01:38:06: 1 573 
2022-11-02 01:38:06: 1 574 
2022-11-02 01:38:06: 1 575 
2022-11-02 01:38:06: 1 576 
2022-11-02 01:38:06: 1 577 
2022-11-02 01:38:06: 1 578 
2022-11-02 01:38:06: 1 579 
2022-11-02 01:38:06: 1 580 
2022-11-02 01:38:06: 1 581 
2022-11-02 01:38:06: 1 582 
2022-11-02 01:38:06: 1 583 
2022-11-02 01:38:06: 1 584 
2022-11-02 01:38:06: 1 585 
2022-11-02 01:38:06: 1 586 
2022-11-02 01:38:06: 1 587 
2022-11-02 01:38:06: 1 588 
2022-11-02 01:38:06: 1 589 
2022-11-02 01:38:06: 1 590 
2022-11-02 01:38:06: 1 591 
2022-11-02 01:38:06: 1 592 
2022-11-02 01:38:06: 1 593 
2022-11-02 01:38:06: 1 594 
2022-11-02 01:38:06: 1 595 
2022-11-02 01:38:06: 1 596 
2022-11-02 01:38:06: 1 597 
2022-11-02 01:38:06: 1 598 
2022-11-02 01:38:06: 1 599 
2022-11-02 01:38:06: 1 600 
2022-11-02 01:38:06: 1 601 
2022-11-02 01:38:06: 1 602 
2022-11-02 01:38:06: 1 603 
2022-11-02 01:38:06: 1 604 
2022-11-02 01:38:06: 1 605 
2022-11-02 01:38:06: 1 606 
2022-11-02 01:38:06: 1 607 
2022-11-02 01:38:06: 1 608 
2022-11-02 01:38:06: 1 609 
2022-11-02 01:38:06: 1 610 
2022-11-02 01:38:06: 1 611 
2022-11-02 01:38:06: 1 612 
2022-11-02 01:38:06: 1 613 
2022-11-02 01:38:06: 1 614 
2022-11-02 01:38:06: 1 615 
2022-11-02 01:38:06: 1 616 
2022-11-02 01:38:06: 1 617 
2022-11-02 01:38:06: 1 618 
2022-11-02 01:38:06: 1 619 
2022-11-02 01:38:06: 1 620 
2022-11-02 01:38:06: 1 621 
2022-11-02 01:38:06: 1 622 
2022-11-02 01:38:06: 1 623 
2022-11-02 01:38:06: 1 624 
2022-11-02 01:38:06: 1 625 
2022-11-02 01:38:06: 1 626 
2022-11-02 01:38:06: 1 627 
2022-11-02 01:38:06: 1 628 
2022-11-02 01:38:06: 1 629 
2022-11-02 01:38:06: 1 630 
2022-11-02 01:38:06: 1 631 
2022-11-02 01:38:06: 1 632 
2022-11-02 01:38:06: 1 633 
2022-11-02 01:38:06: 1 634 
2022-11-02 01:38:06: 1 635 
2022-11-02 01:38:06: 1 636 
2022-11-02 01:38:06: 1 637 
2022-11-02 01:38:06: 1 638 
2022-11-02 01:38:06: 1 639 
2022-11-02 01:38:06: 1 640 
2022-11-02 01:38:06: 1 641 
2022-11-02 01:38:06: 1 642 
2022-11-02 01:38:06: 1 643 
2022-11-02 01:38:06: 1 644 
2022-11-02 01:38:06: 1 645 
2022-11-02 01:38:06: 1 646 
2022-11-02 01:38:06: 1 647 
2022-11-02 01:38:06: 1 648 
2022-11-02 01:38:06: 1 649 
2022-11-02 01:38:06: 1 650 
2022-11-02 01:38:06: 1 651 
2022-11-02 01:38:06: 1 652 
2022-11-02 01:38:06: 1 653 
2022-11-02 01:38:06: 1 654 
2022-11-02 01:38:06: 1 655 
2022-11-02 01:38:06: 1 656 
2022-11-02 01:38:06: 1 657 
2022-11-02 01:38:06: 1 658 
2022-11-02 01:38:06: 1 659 
2022-11-02 01:38:06: 1 660 
2022-11-02 01:38:06: 1 661 
2022-11-02 01:38:06: 1 662 
2022-11-02 01:38:06: 1 663 
2022-11-02 01:38:06: 1 664 
2022-11-02 01:38:06: 1 665 
2022-11-02 01:38:06: 1 666 
2022-11-02 01:38:06: 1 667 
2022-11-02 01:38:06: 1 668 
2022-11-02 01:38:06: 1 669 
2022-11-02 01:38:06: 1 670 
2022-11-02 01:38:06: 1 671 
2022-11-02 01:38:06: 1 672 
2022-11-02 01:38:06: 1 673 
2022-11-02 01:38:06: 1 674 
2022-11-02 01:38:06: 1 675 
2022-11-02 01:38:06: 1 676 
2022-11-02 01:38:06: 1 677 
2022-11-02 01:38:06: 1 678 
2022-11-02 01:38:06: 1 679 
2022-11-02 01:38:06: 1 680 
2022-11-02 01:38:06: 1 681 
2022-11-02 01:38:06: 1 682 
2022-11-02 01:38:06: 1 683 
2022-11-02 01:38:06: 1 684 
2022-11-02 01:38:06: 1 685 
2022-11-02 01:38:06: 1 686 
2022-11-02 01:38:06: 1 687 
2022-11-02 01:38:06: 1 688 
2022-11-02 01:38:06: 1 689 
2022-11-02 01:38:06: 1 690 
2022-11-02 01:38:06: 1 691 
2022-11-02 01:38:06: 1 692 
2022-11-02 01:38:06: 1 693 
2022-11-02 01:38:06: 1 694 
2022-11-02 01:38:06: 1 695 
2022-11-02 01:38:06: 1 696 
2022-11-02 01:38:06: 1 697 
2022-11-02 01:38:06: 1 698 
2022-11-02 01:38:06: 1 699 
2022-11-02 01:38:06: 1 700 
2022-11-02 01:38:06: 1 701 
2022-11-02 01:38:06: 1 702 
2022-11-02 01:38:06: 1 703 
2022-11-02 01:38:06: 1 704 
2022-11-02 01:38:06: 1 705 
2022-11-02 01:38:06: 1 706 
2022-11-02 01:38:06: 1 707 
2022-11-02 01:38:06: 1 708 
2022-11-02 01:38:06: 1 709 
2022-11-02 01:38:06: 1 710 
2022-11-02 01:38:06: 1 711 
2022-11-02 01:38:06: 1 712 
2022-11-02 01:38:06: 1 713 
2022-11-02 01:38:06: 1 714 
2022-11-02 01:38:06: 1 715 
2022-11-02 01:38:06: 1 716 
2022-11-02 01:38:06: 1 717 
2022-11-02 01:38:06: 1 718 
2022-11-02 01:38:06: 1 719 
2022-11-02 01:38:06: 1 720 
2022-11-02 01:38:06: 1 721 
2022-11-02 01:38:06: 1 722 
2022-11-02 01:38:06: 1 723 
2022-11-02 01:38:06: 1 724 
2022-11-02 01:38:06: 1 725 
2022-11-02 01:38:06: 1 726 
2022-11-02 01:38:06: 1 727 
2022-11-02 01:38:06: 1 728 
2022-11-02 01:38:06: 1 729 
2022-11-02 01:38:06: 1 730 
2022-11-02 01:38:06: 1 731 
2022-11-02 01:38:06: 1 732 
2022-11-02 01:38:06: 1 733 
2022-11-02 01:38:06: 1 734 
2022-11-02 01:38:06: 1 735 
2022-11-02 01:38:06: 1 736 
2022-11-02 01:38:06: 1 737 
2022-11-02 01:38:06: 1 738 
2022-11-02 01:38:06: 1 739 
2022-11-02 01:38:06: 1 740 
2022-11-02 01:38:06: 1 741 
2022-11-02 01:38:06: 1 742 
2022-11-02 01:38:06: 1 743 
2022-11-02 01:38:06: 1 744 
2022-11-02 01:38:06: 1 745 
2022-11-02 01:38:06: 1 746 
2022-11-02 01:38:06: 1 747 
2022-11-02 01:38:06: 1 748 
2022-11-02 01:38:06: 1 749 
2022-11-02 01:38:06: 1 750 
2022-11-02 01:38:06: 1 751 
2022-11-02 01:38:06: 1 752 
2022-11-02 01:38:06: 1 753 
2022-11-02 01:38:06: 1 754 
2022-11-02 01:38:06: 1 755 
2022-11-02 01:38:06: 1 756 
2022-11-02 01:38:06: 1 757 
2022-11-02 01:38:06: 1 758 
2022-11-02 01:38:06: 1 759 
2022-11-02 01:38:06: 1 760 
2022-11-02 01:38:06: 1 761 
2022-11-02 01:38:06: 1 762 
2022-11-02 01:38:06: 1 763 
2022-11-02 01:38:06: 1 764 
2022-11-02 01:38:06: 1 765 
2022-11-02 01:38:06: 1 766 
2022-11-02 01:38:06: 1 767 
2022-11-02 01:38:06: 1 768 
2022-11-02 01:38:06: 1 769 
2022-11-02 01:38:06: 1 770 
2022-11-02 01:38:06: 1 771 
2022-11-02 01:38:06: 1 772 
2022-11-02 01:38:06: 1 773 
2022-11-02 01:38:06: 1 774 
2022-11-02 01:38:06: 1 775 
2022-11-02 01:38:06: 1 776 
2022-11-02 01:38:06: 1 777 
2022-11-02 01:38:06: 1 778 
2022-11-02 01:38:06: 1 779 
2022-11-02 01:38:06: 1 780 
2022-11-02 01:38:06: 1 781 
2022-11-02 01:38:06: 1 782 
2022-11-02 01:38:06: 1 783 
2022-11-02 01:38:06: 1 784 
2022-11-02 01:38:06: 1 785 
2022-11-02 01:38:06: 1 786 
2022-11-02 01:38:06: 1 787 
2022-11-02 01:38:06: 1 788 
2022-11-02 01:38:06: 1 789 
2022-11-02 01:38:06: 1 790 
2022-11-02 01:38:06: 1 791 
2022-11-02 01:38:06: 1 792 
2022-11-02 01:38:06: 1 793 
2022-11-02 01:38:06: 1 794 
2022-11-02 01:38:06: 1 795 
2022-11-02 01:38:06: 1 796 
2022-11-02 01:38:06: 1 797 
2022-11-02 01:38:06: 1 798 
2022-11-02 01:38:06: 1 799 
2022-11-02 01:38:06: 1 800 
2022-11-02 01:38:06: 1 801 
2022-11-02 01:38:06: 1 802 
2022-11-02 01:38:06: 1 803 
2022-11-02 01:38:06: 1 804 
2022-11-02 01:38:06: 1 805 
2022-11-02 01:38:06: 1 806 
2022-11-02 01:38:06: 1 807 
2022-11-02 01:38:06: 1 808 
2022-11-02 01:38:06: 1 809 
2022-11-02 01:38:06: 1 810 
2022-11-02 01:38:06: 1 811 
2022-11-02 01:38:06: 1 812 
2022-11-02 01:38:06: 1 813 
2022-11-02 01:38:06: 1 814 
2022-11-02 01:38:06: 1 815 
2022-11-02 01:38:06: 1 816 
2022-11-02 01:38:06: 1 817 
2022-11-02 01:38:06: 1 818 
2022-11-02 01:38:06: 1 819 
2022-11-02 01:38:06: 1 820 
2022-11-02 01:38:06: 1 821 
2022-11-02 01:38:06: 1 822 
2022-11-02 01:38:06: 1 823 
2022-11-02 01:38:06: 1 824 
2022-11-02 01:38:06: 1 825 
2022-11-02 01:38:06: 1 826 
2022-11-02 01:38:06: 1 827 
2022-11-02 01:38:06: 1 828 
2022-11-02 01:38:06: 1 829 
2022-11-02 01:38:06: 1 830 
2022-11-02 01:38:06: 1 831 
2022-11-02 01:38:06: 1 832 
2022-11-02 01:38:06: 1 833 
2022-11-02 01:38:06: 1 834 
2022-11-02 01:38:06: 1 835 
2022-11-02 01:38:06: 1 836 
2022-11-02 01:38:06: 1 837 
2022-11-02 01:38:06: 1 838 
2022-11-02 01:38:06: 1 839 
2022-11-02 01:38:06: 1 840 
2022-11-02 01:38:06: 1 841 
2022-11-02 01:38:06: 1 842 
2022-11-02 01:38:06: 1 843 
2022-11-02 01:38:06: 1 844 
2022-11-02 01:38:06: 1 845 
2022-11-02 01:38:06: 1 846 
2022-11-02 01:38:06: 1 847 
2022-11-02 01:38:06: 1 848 
2022-11-02 01:38:06: 1 849 
2022-11-02 01:38:06: 1 850 
2022-11-02 01:38:06: 1 851 
2022-11-02 01:38:06: 1 852 
2022-11-02 01:38:06: 1 853 
2022-11-02 01:38:06: 1 854 
2022-11-02 01:38:06: 1 855 
2022-11-02 01:38:06: 1 856 
2022-11-02 01:38:06: 1 857 
2022-11-02 01:38:06: 1 858 
2022-11-02 01:38:06: 1 859 
2022-11-02 01:38:06: 1 860 
2022-11-02 01:38:06: 1 861 
2022-11-02 01:38:06: 1 862 
2022-11-02 01:38:06: 1 863 
2022-11-02 01:38:06: 1 864 
2022-11-02 01:38:06: 1 865 
2022-11-02 01:38:06: 1 866 
2022-11-02 01:38:06: 1 867 
2022-11-02 01:38:06: 1 868 
2022-11-02 01:38:06: 1 869 
2022-11-02 01:38:06: 1 870 
2022-11-02 01:38:06: 1 871 
2022-11-02 01:38:06: 1 872 
2022-11-02 01:38:06: 1 873 
2022-11-02 01:38:06: 1 874 
2022-11-02 01:38:06: 1 875 
2022-11-02 01:38:06: 1 876 
2022-11-02 01:38:06: 1 877 
2022-11-02 01:38:06: 1 878 
2022-11-02 01:38:06: 1 879 
2022-11-02 01:38:06: 1 880 
2022-11-02 01:38:06: 1 881 
2022-11-02 01:38:06: 1 882 
2022-11-02 01:38:06: 1 883 
2022-11-02 01:38:06: 1 884 
2022-11-02 01:38:06: 1 885 
2022-11-02 01:38:06: 1 886 
2022-11-02 01:38:06: 1 887 
2022-11-02 01:38:06: 1 888 
2022-11-02 01:38:06: 1 889 
2022-11-02 01:38:06: 1 890 
2022-11-02 01:38:06: 1 891 
2022-11-02 01:38:06: 1 892 
2022-11-02 01:38:06: 1 893 
2022-11-02 01:38:06: 1 894 
2022-11-02 01:38:06: 1 895 
2022-11-02 01:38:06: 1 896 
2022-11-02 01:38:06: 1 897 
2022-11-02 01:38:06: 1 898 
2022-11-02 01:38:06: 1 899 
2022-11-02 01:38:06: 1 900 
2022-11-02 01:38:06: 1 901 
2022-11-02 01:38:06: 1 902 
2022-11-02 01:38:06: 1 903 
2022-11-02 01:38:06: 1 904 
2022-11-02 01:38:06: 1 905 
2022-11-02 01:38:06: 1 906 
2022-11-02 01:38:06: 1 907 
2022-11-02 01:38:06: 1 908 
2022-11-02 01:38:06: 1 909 
2022-11-02 01:38:06: 1 910 
2022-11-02 01:38:06: 1 911 
2022-11-02 01:38:06: 1 912 
2022-11-02 01:38:06: 1 913 
2022-11-02 01:38:06: 1 914 
2022-11-02 01:38:06: 1 915 
2022-11-02 01:38:06: 1 916 
2022-11-02 01:38:06: 1 917 
2022-11-02 01:38:06: 1 918 
2022-11-02 01:38:06: 1 919 
2022-11-02 01:38:06: 1 920 
2022-11-02 01:38:06: 1 921 
2022-11-02 01:38:06: 1 922 
2022-11-02 01:38:06: 1 923 
2022-11-02 01:38:06: 1 924 
2022-11-02 01:38:06: 1 925 
2022-11-02 01:38:06: 1 926 
2022-11-02 01:38:06: 1 927 
2022-11-02 01:38:06: 1 928 
2022-11-02 01:38:06: 1 929 
2022-11-02 01:38:06: 1 930 
2022-11-02 01:38:06: 1 931 
2022-11-02 01:38:06: 1 932 
2022-11-02 01:38:06: 1 933 
2022-11-02 01:38:06: 1 934 
2022-11-02 01:38:06: 1 935 
2022-11-02 01:38:06: 1 936 
2022-11-02 01:38:06: 1 937 
2022-11-02 01:38:06: 1 938 
2022-11-02 01:38:06: 1 939 
2022-11-02 01:38:06: 1 940 
2022-11-02 01:38:06: 1 941 
2022-11-02 01:38:06: 1 942 
2022-11-02 01:38:06: 1 943 
2022-11-02 01:38:06: 1 944 
2022-11-02 01:38:06: 1 945 
2022-11-02 01:38:06: 1 946 
2022-11-02 01:38:06: 1 947 
2022-11-02 01:38:06: 1 948 
2022-11-02 01:38:06: 1 949 
2022-11-02 01:38:06: 1 950 
2022-11-02 01:38:06: 1 951 
2022-11-02 01:38:06: 1 952 
2022-11-02 01:38:06: 1 953 
2022-11-02 01:38:06: 1 954 
2022-11-02 01:38:06: 1 955 
2022-11-02 01:38:06: 1 956 
2022-11-02 01:38:06: 1 957 
2022-11-02 01:38:06: 1 958 
2022-11-02 01:38:06: 1 959 
2022-11-02 01:38:06: 1 960 
2022-11-02 01:38:06: 1 961 
2022-11-02 01:38:06: 1 962 
2022-11-02 01:38:06: 1 963 
2022-11-02 01:38:06: 1 964 
2022-11-02 01:38:06: 1 965 
2022-11-02 01:38:06: 1 966 
2022-11-02 01:38:06: 1 967 
2022-11-02 01:38:06: 1 968 
2022-11-02 01:38:06: 1 969 
2022-11-02 01:38:06: 1 970 
2022-11-02 01:38:06: 1 971 
2022-11-02 01:38:06: 1 972 
2022-11-02 01:38:06: 1 973 
2022-11-02 01:38:06: 1 974 
2022-11-02 01:38:06: 1 975 
2022-11-02 01:38:06: 1 976 
2022-11-02 01:38:06: 1 977 
2022-11-02 01:38:06: 1 978 
2022-11-02 01:38:06: 1 979 
2022-11-02 01:38:06: 1 980 
2022-11-02 01:38:06: 1 981 
2022-11-02 01:38:06: 1 982 
2022-11-02 01:38:06: 1 983 
2022-11-02 01:38:06: 1 984 
2022-11-02 01:38:06: 1 985 
2022-11-02 01:38:06: 1 986 
2022-11-02 01:38:06: 1 987 
2022-11-02 01:38:06: 1 988 
2022-11-02 01:38:06: 1 989 
2022-11-02 01:38:06: 1 990 
2022-11-02 01:38:06: 1 991 
2022-11-02 01:38:06: 1 992 
2022-11-02 01:38:06: 1 993 
2022-11-02 01:38:06: 1 994 
2022-11-02 01:38:06: 1 995 
2022-11-02 01:38:06: 1 996 
2022-11-02 01:38:06: 1 997 
2022-11-02 01:38:06: 1 998 
2022-11-02 01:38:06: 1 999 
