Performing C++ SOURCE FILE Test CMAKE_HAVE_LIBC_PTHREAD failed with the following output:
Change Dir: E:/Projects/GitHub/cpp-game-backend/sprint1/problems/restaurant_single_threaded/precode/build/CMakeFiles/CMakeTmp

Run Build Command(s):C:/Program Files/Microsoft Visual Studio/2022/Community/MSBuild/Current/Bin/amd64/MSBuild.exe cmTC_b9423.vcxproj /p:Configuration=Debug /p:Platform=x64 /p:VisualStudioVersion=17.0 /v:m && MSBuild version 17.3.1+2badb37d1 for .NET Framework
  Оптимизирующий компилятор Microsoft (R) C/C++ версии 19.33.31630 для x64
  src.cxx
  (C) Корпорация Майкрософт (Microsoft Corporation).  Все права защищены.
  cl /c /Zi /W3 /WX- /diagnostics:column /Od /Ob0 /D _MBCS /D WIN32 /D _WINDOWS /D CMAKE_HAVE_LIBC_PTHREAD /D "CMAKE_INTDIR=\"Debug\"" /Gm- /EHsc /RTC1 /MDd /GS /fp:precise /Zc:wchar_t /Zc:forScope /Zc:inline /GR /std:c++20 /Fo"cmTC_b9423.dir\Debug\\" /Fd"cmTC_b9423.dir\Debug\vc143.pdb" /external:W3 /Gd /TP /errorReport:queue "E:\Projects\GitHub\cpp-game-backend\sprint1\problems\restaurant_single_threaded\precode\build\CMakeFiles\CMakeTmp\src.cxx"
E:\Projects\GitHub\cpp-game-backend\sprint1\problems\restaurant_single_threaded\precode\build\CMakeFiles\CMakeTmp\src.cxx(1,10): fatal  error C1083: Не удается открыть файл включение: pthread.h: No such file or directory, [E:\Projects\GitHub\cpp-game-backend\sprint1\problems\restaurant_single_threaded\precode\build\CMakeFiles\CMakeTmp\cmTC_b9423.vcxproj]


Source file was:
#include <pthread.h>

static void* test_func(void* data)
{
  return data;
}

int main(void)
{
  pthread_t thread;
  pthread_create(&thread, NULL, test_func, NULL);
  pthread_detach(thread);
  pthread_cancel(thread);
  pthread_join(thread, NULL);
  pthread_atfork(NULL, NULL, NULL);
  pthread_exit(NULL);

  return 0;
}

Determining if the function pthread_create exists in the pthreads failed with the following output:
Change Dir: E:/Projects/GitHub/cpp-game-backend/sprint1/problems/restaurant_single_threaded/precode/build/CMakeFiles/CMakeTmp

Run Build Command(s):C:/Program Files/Microsoft Visual Studio/2022/Community/MSBuild/Current/Bin/amd64/MSBuild.exe cmTC_b5c0a.vcxproj /p:Configuration=Debug /p:Platform=x64 /p:VisualStudioVersion=17.0 /v:m && MSBuild version 17.3.1+2badb37d1 for .NET Framework
  Оптимизирующий компилятор Microsoft (R) C/C++ версии 19.33.31630 для x64
  CheckFunctionExists.cxx
  (C) Корпорация Майкрософт (Microsoft Corporation).  Все права защищены.
  cl /c /Zi /W3 /WX- /diagnostics:column /Od /Ob0 /D _MBCS /D WIN32 /D _WINDOWS /D CHECK_FUNCTION_EXISTS=pthread_create /D "CMAKE_INTDIR=\"Debug\"" /Gm- /EHsc /RTC1 /MDd /GS /fp:precise /Zc:wchar_t /Zc:forScope /Zc:inline /GR /std:c++20 /Fo"cmTC_b5c0a.dir\Debug\\" /Fd"cmTC_b5c0a.dir\Debug\vc143.pdb" /external:W3 /Gd /TP /errorReport:queue "E:\Projects\GitHub\cpp-game-backend\sprint1\problems\restaurant_single_threaded\precode\build\CMakeFiles\CheckLibraryExists\CheckFunctionExists.cxx"
LINK : fatal error LNK1104: не удается открыть файл "pthreads.lib" [E:\Projects\GitHub\cpp-game-backend\sprint1\problems\restaurant_single_threaded\precode\build\CMakeFiles\CMakeTmp\cmTC_b5c0a.vcxproj]



Determining if the function pthread_create exists in the pthread failed with the following output:
Change Dir: E:/Projects/GitHub/cpp-game-backend/sprint1/problems/restaurant_single_threaded/precode/build/CMakeFiles/CMakeTmp

Run Build Command(s):C:/Program Files/Microsoft Visual Studio/2022/Community/MSBuild/Current/Bin/amd64/MSBuild.exe cmTC_707c2.vcxproj /p:Configuration=Debug /p:Platform=x64 /p:VisualStudioVersion=17.0 /v:m && MSBuild version 17.3.1+2badb37d1 for .NET Framework
  Оптимизирующий компилятор Microsoft (R) C/C++ версии 19.33.31630 для x64
  CheckFunctionExists.cxx
  (C) Корпорация Майкрософт (Microsoft Corporation).  Все права защищены.
  cl /c /Zi /W3 /WX- /diagnostics:column /Od /Ob0 /D _MBCS /D WIN32 /D _WINDOWS /D CHECK_FUNCTION_EXISTS=pthread_create /D "CMAKE_INTDIR=\"Debug\"" /Gm- /EHsc /RTC1 /MDd /GS /fp:precise /Zc:wchar_t /Zc:forScope /Zc:inline /GR /std:c++20 /Fo"cmTC_707c2.dir\Debug\\" /Fd"cmTC_707c2.dir\Debug\vc143.pdb" /external:W3 /Gd /TP /errorReport:queue "E:\Projects\GitHub\cpp-game-backend\sprint1\problems\restaurant_single_threaded\precode\build\CMakeFiles\CheckLibraryExists\CheckFunctionExists.cxx"
LINK : fatal error LNK1104: не удается открыть файл "pthread.lib" [E:\Projects\GitHub\cpp-game-backend\sprint1\problems\restaurant_single_threaded\precode\build\CMakeFiles\CMakeTmp\cmTC_707c2.vcxproj]



